         w __deregister_frame_info
         w __register_frame_info
         w _ITM_deregisterTMCloneTable
         w _ITM_registerTMCloneTable
00000000 b .LANCHOR1
00000000 00000401 b __fixedpath
00000000 b _TLS_MODULE_BASE_
00000000 a shift
00000000 a shift
00000404 b .LANCHOR3
00000404 00000802 b __utf16path
00000c08 b .LANCHOR5
00000c08 00000802 b __utf16path_old.8583
00100000 A __start__
00100000 T _start
00100008 T __service_ptr
0010000c T __apt_appid
00100010 T __heap_size
00100014 T __linear_heap_size
00100018 T __system_arglist
0010001c T __system_runflags
00100020 t startup
00100058 t ClearMem
0010006c t ClrLoop
00100094 T _init
001000ac T initSystem
001000f0 T __ctru_exit
00100110 t .udivsi3_skip_div0_test
00100110 T __aeabi_uidiv
00100110 000001ec T __udivsi3
001002fc 00000020 T __aeabi_uidivmod
0010031c T __aeabi_idiv
0010031c 00000220 T __divsi3
00100324 t .divsi3_skip_div0_test
0010053c 00000020 T __aeabi_idivmod
0010055c 00000004 W __aeabi_idiv0
0010055c 00000004 W __aeabi_ldiv0
00100560 T __aeabi_uldivmod
001005a8 00000390 T strcmp
00100930 T __aeabi_drsub
00100938 000002b0 T __aeabi_dsub
00100938 000002b0 T __subdf3
0010093c 000002ac T __adddf3
0010093c 000002ac T __aeabi_dadd
00100be8 00000024 T __aeabi_ui2d
00100be8 00000024 T __floatunsidf
00100c0c 00000028 T __aeabi_i2d
00100c0c 00000028 T __floatsidf
00100c34 00000048 T __aeabi_f2d
00100c34 00000048 T __extendsfdf2
00100c7c 00000074 T __aeabi_ul2d
00100c7c 00000074 T __floatundidf
00100c90 00000060 T __aeabi_l2d
00100c90 00000060 T __floatdidf
00100cf0 t deregister_tm_clones
00100d1c t register_tm_clones
00100d54 t __do_global_dtors_aux
00100d98 t frame_dummy
00100dcc 000000ac T ray_check
00100e78 000000c8 T ray_prep
00100f40 00000150 T rc_init
00101090 000000b8 T t_render
00101148 000000a0 T render
001011e8 00000034 T draw_floor
00101220 00000118 T wolf_default
00101338 00000040 T error_out
00101378 00000118 T setup
00101490 000000a4 T main
00101534 00000054 T comp_map
00101588 00000084 T wall_stripe
00101610 00000070 t move_l.part.0
00101680 000000e0 T move_lr
00101760 000001b0 T move_fb
00101910 00000144 T lab_move
00101a58 000000b8 T interact
00101b10 00000080 T key_hold
00101b90 0000009c T key_release
00101c30 000000e4 T move
00101d14 00000028 T ft_bzero
00101d3c 00000088 T ft_strdup
00101dc4 000001b8 T consoleDrawChar
00101f7c 00000124 T consolePrintChar
001020a0 0000015c t consoleCls
001021fc 00000104 T consoleInit
00102300 0000010c t consoleClearLine
0010240c 000000c4 t newRow
001024d0 000007cc T con_write
00102c9c 0000008c t gfxSetFramebufferInfo.part.0
00102d28 0000006c t gfxSetFramebufferInfo
00102d94 00000058 t gfxGetFramebuffer.part.0
00102dec 00000018 T __get_bytes_per_pixel
00102e04 00000184 T gfxSetScreenFormat
00102f88 00000010 T gfxSetDoubleBuffering
00102f98 00000214 T gfxInit
001031ac 000000e0 T gfxExit
0010328c 00000064 T gfxGetFramebuffer
001032f0 000000cc T gfxFlushBuffers
001033bc 000000f4 T gfxConfigScreen
001034b0 00000020 T gfxSwapBuffersGpu
001034d0 0000001c t threadFree.part.0
001034ec 00000180 T threadCreate
0010366c 00000018 T threadFree
00103684 00000024 T threadJoin
001036a8 00000068 T threadExit
00103710 00000048 t _thread_begin
00103758 00000074 T gspInit
001037cc 0000003c T gspExit
00103808 000000a4 T gspInitEventHandler
001038ac 00000040 T gspExitEventHandler
001038ec 00000050 T gspWaitForEvent
0010393c 00000004 W gxCmdQueueInterrupt
00103940 00000178 t gspEventThreadMain
00103ab8 0000006c T GSPGPU_SetBufferSwap
00103b24 0000004c T GSPGPU_FlushDataCache
00103b70 00000034 T GSPGPU_SetLcdForceBlack
00103ba4 00000064 T GSPGPU_RegisterInterruptRelayQueue
00103c08 0000002c T GSPGPU_UnregisterInterruptRelayQueue
00103c34 00000048 T GSPGPU_AcquireRight
00103c7c 0000002c T GSPGPU_ReleaseRight
00103ca8 00000080 T GSPGPU_ImportDisplayCaptureInfo
00103d28 0000002c T GSPGPU_SaveVramSysArea
00103d54 0000002c T GSPGPU_RestoreVramSysArea
00103d80 00000004 W _aptDebug
00103d84 00000170 T aptSendCommand
00103ef4 0000003c t aptExitProcess
00103f30 00000050 T APT_InquireNotification
00103f80 00000194 t aptEventHandler
00104114 00000074 T APT_AppletUtility
00104188 000000b0 T aptSetSleepAllowed
00104238 000000b4 T APT_GlanceParameter
001042ec 000000c8 T APT_ReceiveParameter
001043b4 000000bc t aptReceiveParameter.constprop.0
00104470 000001e0 t aptScreenTransfer
00104650 00000210 t aptWaitForWakeUp
00104860 00000070 T APT_CancelParameter
001048d0 0000025c T aptInit
00104b2c 00000088 t aptClearParamQueue
00104bb4 00000264 T aptMainLoop
00104e18 00000254 T aptExit
0010506c 0000007c T APT_CheckNew3DS
001050e8 00000028 t hidCheckSectionUpdateTime.part.0
00105110 000000d0 T hidExit
001051e0 000001d8 T hidScanInput
001053b8 00000010 T hidKeysDown
001053c8 00000010 T hidKeysUp
001053d8 00000018 T hidCircleRead
001053f0 00000090 T HIDUSER_GetHandles
00105480 000001a4 T hidInit
00105624 00000038 W __libctru_init
0010565c 00000034 t __libctru_nanosleep
00105690 00000030 t __ctru_get_reent
001056c0 000000fc T __system_initSyscalls
001057bc 00000100 W __system_allocateHeaps
001058bc 000000f0 T __system_initArgv
001059ac T svcControlMemory
001059cc T svcExitProcess
001059d4 T svcCreateThread
001059f4 T svcExitThread
001059fc T svcSleepThread
00105a04 T svcReleaseMutex
00105a0c T svcCreateEvent
00105a20 T svcSignalEvent
00105a28 T svcClearEvent
00105a30 T svcMapMemoryBlock
00105a38 T svcUnmapMemoryBlock
00105a40 T svcCreateAddressArbiter
00105a54 T svcArbitrateAddress
00105a6c T svcCloseHandle
00105a74 T svcWaitSynchronization
00105a7c T svcWaitSynchronizationN
00105aa4 T svcDuplicateHandle
00105ab8 T svcGetSystemTick
00105ac0 T svcGetSystemInfo
00105ad8 T svcConnectToPort
00105aec T svcSendSyncRequest
00105af4 T svcBreak
00105afc 00000024 t addrMapNodeComparator(rbtree_node const*, rbtree_node const*)
00105b20 00000004 t addrMapNodeDestructor(rbtree_node*)
00105b24 00000114 T vramMemAlign
00105c38 00000008 T vramAlloc
00105c40 00000054 T vramFree
00105c94 00000024 t addrMapNodeComparator(rbtree_node const*, rbtree_node const*)
00105cb8 00000004 t addrMapNodeDestructor(rbtree_node*)
00105cbc 000000e8 T mappableAlloc
00105da4 00000054 T mappableFree
00105df8 00000024 t addrMapNodeComparator(rbtree_node const*, rbtree_node const*)
00105e1c 00000004 t addrMapNodeDestructor(rbtree_node*)
00105e20 00000124 T linearMemAlign
00105f44 00000008 T linearAlloc
00105f4c 00000054 T linearFree
00105fa0 0000008c T MemPool::CoalesceRight(MemBlock*)
0010602c 00000174 T MemPool::Allocate(MemChunk&, unsigned long, int)
001061a0 000000fc T MemPool::Deallocate(MemChunk const&)
0010629c 00000038 t LightLock_Unlock.part.0
001062d4 0000000c T __sync_init
001062e0 00000018 T __sync_fini
001062f8 00000010 T __sync_get_arbiter
00106308 00000018 T LightLock_Init
00106320 00000090 T LightLock_Lock
001063b0 00000034 T LightLock_TryLock
001063e4 00000020 T LightLock_Unlock
00106404 00000024 T RecursiveLock_Init
00106428 00000030 T RecursiveLock_Lock
00106458 00000058 T RecursiveLock_TryLock
001064b0 00000038 T RecursiveLock_Unlock
001064e8 00000038 T LightEvent_Init
00106520 0000007c T LightEvent_Clear
0010659c 000000dc T LightEvent_Signal
00106678 000000c0 T LightEvent_Wait
00106738 00000058 t getSysTime
00106790 00000028 t __ctru_speedup_config.part.0
001067b8 00000024 T osGetMemRegionUsed
001067e0 00000128 T __libctru_gtod
00106908 00000018 T __ctru_speedup_config
00106920 00000058 T srvExit
00106978 00000038 T srvRegisterClient
001069b0 000000cc T srvInit
00106a7c 00000080 T srvGetServiceHandleDirect
00106afc 00000048 T srvGetServiceHandle
00106b44 000000ac T irrstScanInput
00106bf0 00000024 T irrstKeysHeld
00106c14 00000050 T IRRST_GetHandles
00106c64 00000154 T irrstInit
00106db8 0000002c T IRRST_Shutdown
00106de4 000000ac T irrstExit
00106e90 0000000c T srvPmGetSessionHandle
00106e9c 00000074 T ptmSysmInit
00106f10 0000003c T ptmSysmExit
00106f4c 00000034 T PTMSYSM_ConfigureNew3DSCPU
00106f80 00000014 T rbtree_init
00106f94 000001a4 t do_insert
00107138 00000008 T rbtree_insert
00107140 00000090 T rbtree_rotate
001071d0 00000334 T rbtree_remove
00107504 00000074 T rbtree_find
00107578 0000001c W __appInit
00107594 0000001c W __appExit
001075b0 000000a0 W __libctru_exit
00107650 00000084 T envGetHandle
001076d4 0000004c T envDestroyHandles
00107720 00000014 t sdmc_link
00107734 00000014 t sdmc_dirreset
00107748 00000014 t sdmc_chmod
0010775c 00000024 t error_cmp
00107780 00000050 t sdmc_translate_error
001077d0 00000034 t sdmc_fsync
00107804 00000054 t sdmc_ftruncate
00107858 000000bc t sdmc_statvfs
00107914 00000038 t sdmc_dirclose
0010794c 0000013c t sdmc_dirnext
00107a88 00000034 t sdmc_close
00107abc 00000070 t sdmc_fstat
00107b2c 000000d4 t sdmc_seek
00107c00 00000078 t sdmc_read
00107c78 000000ac t sdmc_write
00107d24 000001b0 t sdmc_utf16path
00107ed4 00000074 t sdmc_rmdir
00107f48 000000a4 t sdmc_diropen
00107fec 000000ac t sdmc_chdir
00108098 00000098 t sdmc_mkdir
00108130 00000108 t sdmc_rename
00108238 00000074 t sdmc_unlink
001082ac 00000108 t sdmc_stat
001083b4 00000198 t sdmc_open
0010854c 00000014 t sdmc_fchmod
00108560 00000168 T sdmcInit
001086c8 00000060 T sdmcExit
00108728 00000028 t fsSessionForArchive.part.0
00108750 000000c4 T fsInit
00108814 0000003c T fsExit
00108850 00000064 T fsExemptFromSession
001088b4 0000005c T fsUnexemptFromSession
00108910 000000bc T FSUSER_OpenFile
001089cc 000000ac T FSUSER_DeleteFile
00108a78 000000e8 T FSUSER_RenameFile
00108b60 000000ac T FSUSER_DeleteDirectory
00108c0c 000000c4 T FSUSER_CreateFile
00108cd0 000000b4 T FSUSER_CreateDirectory
00108d84 000000e8 T FSUSER_RenameDirectory
00108e6c 000000a0 T FSUSER_OpenDirectory
00108f0c 00000098 T FSUSER_OpenArchive
00108fa4 00000078 T FSUSER_CloseArchive
0010901c 00000078 T FSUSER_GetSdmcArchiveResource
00109094 00000064 T FSUSER_IsSdmcWritable
001090f8 0000005c T FSFILE_Read
00109154 00000064 T FSFILE_Write
001091b8 00000038 T FSFILE_GetSize
001091f0 00000028 T FSFILE_SetSize
00109218 0000003c T FSFILE_Close
00109254 00000024 T FSFILE_Flush
00109278 00000054 T FSDIR_Read
001092cc 0000003c T FSDIR_Close
00109308 00000050 T rbtree_node_next
00109358 000000e8 T utf16_to_utf8
00109440 00000060 T decode_utf16
001094a0 00000138 T decode_utf8
001095d8 000000c0 T utf8_to_utf16
00109698 T __aeabi_read_tp
001096a4 00000068 T encode_utf16
0010970c 00000104 T encode_utf8
00109810 00000038 T __aeabi_d2lz
00109810 00000038 T __fixdfdi
00109848 00000040 T __aeabi_d2ulz
00109848 00000040 T __fixunsdfdi
00109888 00000130 T __udivmoddi4
001099b8 0000007c T bsearch
00109a34 00000034 T exit
00109a68 0000003c T __libc_fini_array
00109aa4 0000007c T __libc_init_array
00109b20 00000028 T memalign
00109b48 0000014c T _memalign_r
00109c94 00000020 T malloc
00109cb4 00000020 T free
00109cd4 000007d0 T _malloc_r
0010a4a4 000000e0 T memchr
0010a584 00000120 T memcpy
0010a6a4 00000118 T memset
0010a7bc 0000000c T __malloc_lock
0010a7c8 0000000c T __malloc_unlock
0010a7d4 00000034 T printf
0010a808 00000260 T setvbuf
0010aa68 00000074 T sscanf
0010aadc 0000003c T __sread
0010ab18 00000008 T __seofread
0010ab20 00000068 T __swrite
0010ab88 00000058 T __sseek
0010abe0 00000008 T __sclose
0010abe8 0000005c T strlen
0010ac44 00000098 T strncat
0010acdc 000000c0 T strncpy
0010ad9c 00000048 T strnlen
0010ade4 00000048 t get_arg
0010ae2c 00002b84 T __ssvfscanf_r
0010d9b0 00000034 T __sprint_r
0010d9e4 00000650 t get_arg
0010e038 000038e0 T _vfprintf_r
00111918 000000d4 t __sbprintf
001119ec 00000054 T _wcrtomb_r
00111a40 00000020 T _wcsrtombs_r
00111a60 00000150 T __swsetup_r
00111bb0 00000118 T __call_exitprocs
00111cc8 000001a8 t quorem
00111e70 000012ac T _dtoa_r
0011311c 00000278 T __sflush_r
00113394 00000094 T _fflush_r
00113428 00000078 t std
001134a0 0000000c T _cleanup_r
001134ac 0000008c T __sinit
00113538 0000000c T __sfp_lock_acquire
00113544 0000000c T __sfp_lock_release
00113550 000000f8 T _malloc_trim_r
00113648 000002e8 T _free_r
00113930 000004a4 T __sfvwrite_r
00113dd4 00000070 T _fwalk_reent
00113e44 00000008 T iswspace
00113e4c 0000000c T _localeconv_r
00113e58 00000010 T __locale_mb_cur_max
00113e68 00000094 T __swhatbuf_r
00113efc 000000f8 T __smakebuf_r
00113ff4 00000060 T _mbrtowc_r
00114054 000002fc T __utf8_mbtowc
00114350 00000154 T memmove
001144a4 00000088 T _Balloc
0011452c 0000001c T _Bfree
00114548 000000d0 T __multadd
00114618 000000ec T __s2b
00114704 00000058 T __hi0bits
0011475c 0000009c T __lo0bits
001147f8 00000020 T __i2b
00114818 000001e0 T __multiply
001149f8 00000100 T __pow5mult
00114af8 00000114 T __lshift
00114c0c 00000058 T __mcmp
00114c64 00000190 T __mdiff
00114df4 00000088 T __ulp
00114e7c 000000d4 T __b2d
00114f50 00000104 T __d2b
00115054 00000084 T __ratio
001150d8 0000006c T __copybits
00115144 0000005c T __any_on
001151a0 00000028 T realloc
001151c8 000004bc T _realloc_r
00115684 000000e8 T __sccl
0011576c 0000000c T nanf
00115778 000000a8 T frexp
00115820 00000064 T sprintf
00115884 000000b8 T stpncpy
0011593c 00000144 T strchr
00115a80 000000ec T strncmp
00115b6c 00000054 t sulp
00115bc0 00001414 T _strtod_l
00116fd4 0000000c T _strtod_r
00116fe0 0000023c t _strtoll_l.isra.0
0011721c 00000004 T _strtoll_r
00117220 000001b4 t _strtol_l.isra.0
001173d4 00000004 T _strtol_r
001173d8 0000024c t _strtoull_l.isra.0
00117624 00000004 T _strtoull_r
00117628 000001c8 t _strtoul_l.isra.0
001177f0 00000004 T _strtoul_r
001177f4 00000188 T __ssprint_r
0011797c 000000e0 T _sungetc_r
00117a5c 0000006c T __ssrefill_r
00117ac8 000000c8 T _sfread_r
00117b90 00000650 t get_arg
001181e0 00003814 T _svfprintf_r
0011b9f4 000000a8 T __submore
0011ba9c 00000190 T _wcsnrtombs_l
0011bc2c 00000048 T _wcsnrtombs_r
0011bc74 000000f0 T __utf8_wctomb
0011bd64 00000094 T _calloc_r
0011bdf8 00000160 T _fclose_r
0011bf58 000000ec t rshift
0011c044 00000828 T __gethex
0011c86c 00000060 T __match
0011c8cc 0000028c T __hexnan
0011cb58 0000003c T iswspace_l
0011cb94 000001e0 t __jp2uc
0011cd74 00000094 T _jp2uc_l
0011ce08 00000010 T nan
0011ce18 00000088 T category
0011cea0 00000008 t null_write
0011cea8 00000018 T setDefaultDevice
0011cec0 000000c8 T FindDevice
0011cf88 00000028 T RemoveDevice
0011cfb0 0000009c T AddDevice
0011d04c 00000078 T _fstat_r
0011d0c4 00000008 T _isatty_r
0011d0cc 00000084 T _lseek_r
0011d150 00000080 T _read_r
0011d1d0 00000078 T _sbrk_r
0011d248 00000080 T _write_r
0011d2c8 00000024 T _exit
0011d2ec 000001bc T _concatenate_path
0011d4a8 0000015c T chdir
0011d604 00000008 T __flockfile
0011d60c 00000008 T __funlockfile
0011d614 00000018 T __libc_lock_acquire
0011d62c 00000018 T __libc_lock_release
0011d644 00000018 T __libc_lock_init_recursive
0011d65c 00000018 T __libc_lock_acquire_recursive
0011d674 00000018 T __libc_lock_release_recursive
0011d68c 00000018 T __libc_lock_close_recursive
0011d6a4 0000003c T __get_handle
0011d6e0 000000f8 T _close_r
0011d7d8 00000028 T __getreent
0011d800 00000044 T strrchr
0011d844 T _fini
0011e900 R default_font_bin
0011f100 R default_font_bin_end
0011f100 R default_font_bin_size
0011f270 00000030 r colorTable
0011f2a0 00000070 r dotab_stdout
0011f310 00000014 r CSWTCH.62
0011f324 00000008 r framebufferInfoSt
0011f394 00000030 r error_table
0011f3cc 00000004 R _global_impure_ptr
0011f3d8 00000022 r basefix.8820
0011f438 00000010 r blanks.8791
0011f448 00000010 r zeroes.8792
0011f458 00000101 R _ctype_
0011f56c r .LC2
0011f5b8 00000028 R __mprec_bigtens
0011f5e0 000000c8 R __mprec_tens
0011f6a8 0000000c r p05.7510
0011f6c4 00000014 r fpi.7590
0011f6d8 00000014 r fpinan.7626
0011f6f0 00000028 r tinytens
0011f718 0000006c R __action_table
0011f784 00000100 R __chclass
0011f884 0000006c R __state_table
0011f8f0 00000010 r blanks.8776
0011f900 00000010 r zeroes.8777
0011f910 00000100 R __hexdig
0011fa24 000000bc r a1
0011fae0 000000bc r a2
0011fb9c 0000005b r a3
0011fbf8 00000070 r a6
0011fc68 000000a2 r a7
0011fd0c 00000040 r a8
0011fd4c 0000172a r b02cf
00121478 00001a7c r d02f4
00122ef4 0000000c R _C_numeric_locale
00122f00 0000309c r categories
00125fa4 00000070 R dotab_stdnull
00126014 r 
00126014 R __exidx_end
00126014 R __exidx_start
00127000 W __stacksize__
00127004 00000004 D currentConsole
00127008 0000004c D defaultConsole
00127054 00000001 d firstConsoleInit.8429
00127055 00000001 d botFormat
00127058 00000008 d doubleBuf
00127060 00000001 d topFormat
00127064 00000004 d gspLastEvent
00127068 00000004 d aptFlags
0012706c 00000001 d aptHomeAllowed
00127070 00000004 V __ctru_linear_heap_size
00127074 00000401 d __cwd
00127478 00000070 d sdmc_devoptab
001274e8 00000004 D _impure_ptr
001274f0 00000460 d impure_data
00127950 00000408 D __malloc_av_
00127d58 00000004 D __malloc_sbrk_base
00127d5c 00000004 D __malloc_trim_threshold
00127d60 0000000c d __malloc_recursive_mutex
00127d6c 0000000c D __atexit_recursive_mutex
00127d78 0000000c d __sfp_recursive_mutex
00127d84 0000000c d __sinit_recursive_mutex
00127d90 0000016c D __global_locale
00127efc 00000002 d numempty
00127f00 00000004 d defaultDevice
00127f04 0000008c D devoptab_list
00127f90 00000400 d _current_working_directory
00128390 00000004 d __hndl_lock
00128394 0000000c d __stderr_handle
001283a0 0000000c d __stdin_handle
001283ac 0000000c d __stdout_handle
001283b8 00001000 d handles
001293b8 t __frame_dummy_init_array_entry
001293b8 T __init_array_start
001293b8 B __preinit_array_end
001293b8 B __preinit_array_start
001293b8 D __tdata_lma
001293b8 D __tdata_lma_end
001293b8 D __TMC_END__
001293b8 d __TMC_LIST__
001293bc t __do_global_dtors_aux_fini_array_entry
001293bc T __fini_array_start
001293bc T __init_array_end
001293c0 T __bss_start__
001293c0 T __fini_array_end
001293c0 b saved_stack
001293c8 b completed.10434
001293cc b object.10439
001293e4 00000002 b currentBuffer
001293e6 00000001 b enable3d
001293e8 00000004 b screenAlloc
001293ec 00000004 b screenFree
001293f0 00000004 b gspEvent
001293f4 0000001c b gspEventCb
00129410 0000001c b gspEventCbData
0012942c 00000007 b gspEventCbOneShot
00129434 0000001c b gspEventCounts
00129450 00000004 b gspEventData
00129454 00000004 b gspEventThread
00129458 00000038 b gspEvents
00129490 00000004 b gspRefCount
00129494 00000001 b gspRunEvents
00129495 00000001 b aptChainloadMediatype
00129498 00000008 b aptChainloadTid
001294a0 00000004 b aptEventHandlerThread
001294a4 0000000c b aptEvents
001294b0 0000000c b aptFirstHook
001294bc 00000001 b aptHomeButtonState
001294c0 00000004 b aptLockHandle
001294c4 00000004 b aptMessageFunc
001294c8 00000004 b aptMessageFuncData
001294cc 00001000 b aptParameters
0012a4cc 00000001 b aptRecentHomeButtonState
0012a4d0 00000004 b aptRefCount
0012a4d4 00000008 b aptSleepEvent
0012a4dc 00000001 b flagInit.8300
0012a4dd 00000001 b flagValue.8301
0012a4e0 00000004 b serviceName.7930
0012a4e4 00000006 b aVec
0012a4ec 00000004 b cPos
0012a4f0 00000006 b gRate
0012a4f8 00000004 b hidRefCount
0012a4fc 00000004 b kDown
0012a500 00000004 b kHeld
0012a504 00000004 b kOld
0012a508 00000004 b kUp
0012a50c 00000004 b tPos
0012a510 00000004 V __ctru_heap_size
0012a514 0000000c b sAddrMap
0012a520 00000008 b sVramPool
0012a528 00000008 b sMappablePool
0012a530 0000000c b sAddrMap
0012a53c 00000008 b sLinearPool
0012a544 0000000c b sAddrMap
0012a550 00000004 b arbiter
0012a554 00000001 V __ctru_speedup
0012a558 00000004 b srvHandle
0012a55c 00000004 b srvRefCount
0012a560 00000004 b csPos
0012a564 00000004 b irrstRefCount
0012a568 00000004 b kHeld
0012a56c 00000004 b srvPmHandle
0012a570 00000004 b ptmSysmHandle
0012a574 00000004 b ptmSysmRefCount
0012a578 00000008 b sdmcArchive
0012a580 00000001 b sdmcInitialised
0012a588 00000080 b fsExemptArchives
0012a608 00000004 b fsuHandle
0012a60c 00000004 b fsuRefCount
0012a610 00000028 B __malloc_current_mallinfo
0012a638 00000004 B __malloc_max_sbrked_mem
0012a63c 00000004 B __malloc_max_total_mem
0012a640 00000004 B __malloc_top_pad
0012a644 00000004 b heap_start.7420
0012a648 00000004 B fake_heap_end
0012a64c 00000004 B fake_heap_start
0012a650 00000400 b temp_cwd
0012aa50 00000048 B __syscalls
0012aa98 0000004c B currentCopy
0012aae4 00000008 B gfxBottomFramebuffers
0012aaec 00000004 B gspSharedMemHandle
0012aaf0 0000001c B bottomFramebufferInfo
0012ab0c 00000004 B gspEvent
0012ab10 00000008 B gfxTopLeftFramebuffers
0012ab18 00000008 B gfxTopRightFramebuffers
0012ab20 0000001c B topFramebufferInfo
0012ab3c 00000001 B gfxThreadID
0012ab40 00000004 B gfxSharedMemory
0012ab44 00000004 B gfxTopFramebufferMaxSize
0012ab48 00000004 B gfxBottomFramebufferMaxSize
0012ab4c 00000004 B gxCmdBuf
0012ab50 00000004 B gspGpuHandle
0012ab54 00000004 B hidMemHandle
0012ab58 00000004 B hidHandle
0012ab5c 00000004 B hidSharedMem
0012ab60 00000014 B hidEvents
0012ab74 00000004 B __system_retAddr
0012ab78 00000004 B __ctru_linear_heap
0012ab7c 00000004 B __ctru_heap
0012ab80 00000004 B __system_argv
0012ab84 00000004 B __system_argc
0012ab88 00000004 B irrstHandle
0012ab8c 00000004 B irrstEvent
0012ab90 00000004 B irrstMemHandle
0012ab94 00000004 B irrstSharedMem
0012ab98 B __tls_start
0012bfa4 B __bss_end__
0012bfa4 A __end__
0012bfa4 B __tls_end
